[ 2018-12-20T08:33:59+08:00 ] /invest/index.html | ERR: Cron:cron_1 Runat 2018-12-20 08:33:59 Use 0.000558 s

[ 2018-12-20T08:34:30+08:00 ] /member/common/register/ | ERR: Cron:cron_1 Runat 2018-12-20 08:34:30 Use 0.000532 s

[ 2018-12-20T08:34:38+08:00 ] /aboutus/ruleserver.html | ERR: Cron:cron_1 Runat 2018-12-20 08:34:38 Use 0.000463 s

[ 2018-12-20T08:34:47+08:00 ] /member/common/login/ | ERR: Cron:cron_1 Runat 2018-12-20 08:34:47 Use 0.000487 s

[ 2018-12-20T08:35:05+08:00 ] /member/ | ERR: Cron:cron_1 Runat 2018-12-20 08:35:05 Use 0.000553 s

[ 2018-12-20T08:35:16+08:00 ] /member/borrowin | ERR: Cron:cron_1 Runat 2018-12-20 08:35:16 Use 0.000507 s

[ 2018-12-20T08:35:21+08:00 ] /member/memberinfo | ERR: Cron:cron_1 Runat 2018-12-20 08:35:21 Use 0.000625 s

[ 2018-12-20T08:57:05+08:00 ] /invest/816.html | ERR: Cron:cron_1 Runat 2018-12-20 08:57:05 Use 0.000449 s

[ 2018-12-20T08:57:14+08:00 ] /invest/index.html | ERR: Cron:cron_1 Runat 2018-12-20 08:57:14 Use 0.000512 s

[ 2018-12-20T08:57:29+08:00 ] /invest/index?is_keyword=2&searchkeywords=666&btnSubmit=+ | ERR: Cron:cron_1 Runat 2018-12-20 08:57:29 Use 0.000433 s

[ 2018-12-20T08:57:32+08:00 ] /invest/579.html | ERR: Cron:cron_1 Runat 2018-12-20 08:57:32 Use 0.000455 s

[ 2018-12-20T08:57:52+08:00 ] /jinmai/admin | ERR: Cron:cron_1 Runat 2018-12-20 08:57:52 Use 0.000435 s

[ 2018-12-20T08:57:58+08:00 ] /admin/index/login | ERR: Cron:cron_1 Runat 2018-12-20 08:57:58 Use 0.000450 s

[ 2018-12-20T08:58:09+08:00 ] /admin/borrow/waitverify.html | ERR: Cron:cron_1 Runat 2018-12-20 08:58:09 Use 0.000459 s

[ 2018-12-20T08:58:13+08:00 ] /admin/borrow/done.html | ERR: Cron:cron_1 Runat 2018-12-20 08:58:13 Use 0.000520 s

[ 2018-12-20T08:58:20+08:00 ] /invest/11.html | ERR: Cron:cron_1 Runat 2018-12-20 08:58:20 Use 0.000518 s

[ 2018-12-20T08:58:24+08:00 ] /admin/borrow/doinvest?borrow_id=11 | ERR: Cron:cron_1 Runat 2018-12-20 08:58:24 Use 0.000472 s

[ 2018-12-20T08:58:32+08:00 ] /admin/common/member?id=1765&_=1545267511521 | ERR: Cron:cron_1 Runat 2018-12-20 08:58:32 Use 0.000619 s

[ 2018-12-20T08:58:44+08:00 ] /admin/members/index.html | ERR: Cron:cron_1 Runat 2018-12-20 08:58:44 Use 0.000510 s

[ 2018-12-20T08:58:56+08:00 ] /Admin/members/index?uname=caojianfen&realname=&customer_name=&lx=&bj=&money=&start_time=&end_time= | ERR: Cron:cron_1 Runat 2018-12-20 08:58:56 Use 0.000447 s

[ 2018-12-20T08:58:58+08:00 ] /Admin/members/edit?id=1765 | ERR: Cron:cron_1 Runat 2018-12-20 08:58:58 Use 0.000560 s

[ 2018-12-20T08:59:12+08:00 ] /Admin/members/doEdit | ERR: Cron:cron_1 Runat 2018-12-20 08:59:12 Use 0.000440 s

[ 2018-12-20T08:59:19+08:00 ] /member/common/actlogout | ERR: Cron:cron_1 Runat 2018-12-20 08:59:19 Use 0.000441 s

[ 2018-12-20T08:59:25+08:00 ] /member/common/login/ | ERR: Cron:cron_1 Runat 2018-12-20 08:59:25 Use 0.000468 s

[ 2018-12-20T08:59:38+08:00 ] /member/ | ERR: Cron:cron_1 Runat 2018-12-20 08:59:38 Use 0.000432 s

[ 2018-12-20T08:59:43+08:00 ] /member/tendout | ERR: Cron:cron_1 Runat 2018-12-20 08:59:43 Use 0.000503 s

[ 2018-12-20T09:00:09+08:00 ] /Admin/members/moneyedit?id=1765&_=1545267609393 | ERR: Cron:cron_1 Runat 2018-12-20 09:00:09 Use 0.000481 s

[ 2018-12-20T09:00:19+08:00 ] /Admin/members/doMoneyEdit | ERR: Cron:cron_1 Runat 2018-12-20 09:00:19 Use 0.000467 s

[ 2018-12-20T09:00:24+08:00 ] /member/tendout | ERR: Cron:cron_1 Runat 2018-12-20 09:00:24 Use 0.000458 s

[ 2018-12-20T09:00:27+08:00 ] /member | ERR: Cron:cron_1 Runat 2018-12-20 09:00:27 Use 0.000491 s

[ 2018-12-20T09:00:32+08:00 ] /invest/index.html | ERR: Cron:cron_1 Runat 2018-12-20 09:00:32 Use 0.000559 s

[ 2018-12-20T09:00:36+08:00 ] /invest/816.html | ERR: Cron:cron_1 Runat 2018-12-20 09:00:36 Use 0.000532 s

[ 2018-12-20T09:00:52+08:00 ] /Admin/members/edit?id=1765 | ERR: Cron:cron_1 Runat 2018-12-20 09:00:52 Use 0.000514 s

[ 2018-12-20T09:00:59+08:00 ] /Admin/members/doEdit | ERR: Cron:cron_1 Runat 2018-12-20 09:00:59 Use 0.000450 s

[ 2018-12-20T09:01:34+08:00 ] /invest/investmoney | ERR: Cron:cron_1 Runat 2018-12-20 09:01:34 Use 0.000454 s

[ 2018-12-20T09:01:41+08:00 ] /admin/welcome/index.html | ERR: Cron:cron_1 Runat 2018-12-20 09:01:41 Use 0.000460 s

[ 2018-12-20T09:01:47+08:00 ] /admin/borrow/waitverify2.html | ERR: Cron:cron_1 Runat 2018-12-20 09:01:47 Use 0.000448 s

[ 2018-12-20T09:01:49+08:00 ] /Admin/borrow/edit?id=816 | ERR: Cron:cron_1 Runat 2018-12-20 09:01:49 Use 0.000455 s

[ 2018-12-20T09:02:01+08:00 ] /Admin/borrow/doEditwaitverify2 | ERR: Cron:cron_1 Runat 2018-12-20 09:02:01 Use 0.000457 s

[ 2018-12-20T09:02:09+08:00 ] /member/ | ERR: Cron:cron_1 Runat 2018-12-20 09:02:09 Use 0.000582 s

[ 2018-12-20T09:02:18+08:00 ] /member/tendout | ERR: Cron:cron_1 Runat 2018-12-20 09:02:18 Use 0.000490 s

[ 2018-12-20T09:02:21+08:00 ] /member/agreement/downfile?id=7929 | ERR: Cron:cron_1 Runat 2018-12-20 09:02:21 Use 0.000502 s

[ 2018-12-20T09:12:10+08:00 ] /member/agreement/downfile?id=7929 | ERR: Cron:cron_1 Runat 2018-12-20 09:12:10 Use 0.000460 s

[ 2018-12-20T09:13:04+08:00 ] /member/agreement/downfile?id=7929 | ERR: Cron:cron_1 Runat 2018-12-20 09:13:04 Use 0.000436 s

[ 2018-12-20T09:13:34+08:00 ] /member/agreement/downfile?id=7929 | ERR: Cron:cron_1 Runat 2018-12-20 09:13:34 Use 0.000480 s

[ 2018-12-20T09:16:49+08:00 ] /member/agreement/downfile?id=7929 | ERR: Cron:cron_1 Runat 2018-12-20 09:16:49 Use 0.000466 s

[ 2018-12-20T09:16:53+08:00 ] /member/agreement/downfile?id=7929 | ERR: Cron:cron_1 Runat 2018-12-20 09:16:53 Use 0.000470 s

[ 2018-12-20T09:17:19+08:00 ] /member/agreement/downfile?id=7929 | ERR: Cron:cron_1 Runat 2018-12-20 09:17:19 Use 0.000461 s

[ 2018-12-20T09:17:45+08:00 ] /member/agreement/downfile?id=7929 | ERR: Cron:cron_1 Runat 2018-12-20 09:17:45 Use 0.000544 s

[ 2018-12-20T09:17:50+08:00 ] /member/agreement/downfile?id=7929 | ERR: Cron:cron_1 Runat 2018-12-20 09:17:50 Use 0.000617 s

[ 2018-12-20T09:18:17+08:00 ] /member/agreement/downfile?id=7929 | ERR: Cron:cron_1 Runat 2018-12-20 09:18:17 Use 0.000452 s

[ 2018-12-20T09:18:26+08:00 ] /member/agreement/downfile?id=7929 | ERR: Cron:cron_1 Runat 2018-12-20 09:18:26 Use 0.000521 s

[ 2018-12-20T09:21:14+08:00 ] /member/agreement/downfile?id=7929 | ERR: Cron:cron_1 Runat 2018-12-20 09:21:14 Use 0.000506 s
Cron:cron_2 Runat 2018-12-20 09:21:14 Use -0.000025 s

[ 2018-12-20T09:21:35+08:00 ] /member/agreement/downfile?id=7929 | ERR: Cron:cron_1 Runat 2018-12-20 09:21:35 Use 0.000453 s

[ 2018-12-20T10:05:42+08:00 ] /admin/bconfig/index.html | ERR: Cron:cron_1 Runat 2018-12-20 10:05:42 Use 0.000657 s

[ 2018-12-20T10:05:59+08:00 ] /admin/leve/index.html | ERR: Cron:cron_1 Runat 2018-12-20 10:05:59 Use 0.000483 s

