[ 2018-12-18T08:35:56+08:00 ] /bangzhu/contact.html | ERR: Cron:cron_1 Runat 2018-12-18 08:35:56 Use 0.000616 s

[ 2018-12-18T08:42:08+08:00 ] /bangzhu/contact.html | ERR: Cron:cron_1 Runat 2018-12-18 08:42:08 Use 0.000488 s

[ 2018-12-18T08:51:45+08:00 ] /bangzhu/contact.html | ERR: Cron:cron_1 Runat 2018-12-18 08:51:45 Use 0.000462 s

[ 2018-12-18T08:53:09+08:00 ] /bangzhu/contact.html | ERR: Cron:cron_1 Runat 2018-12-18 08:53:09 Use 0.000439 s

[ 2018-12-18T08:54:40+08:00 ] /bangzhu/contact.html | ERR: Cron:cron_1 Runat 2018-12-18 08:54:40 Use 0.000765 s

[ 2018-12-18T08:54:59+08:00 ] /bangzhu/contact.html | ERR: Cron:cron_1 Runat 2018-12-18 08:54:59 Use 0.000487 s

[ 2018-12-18T08:55:02+08:00 ] /bangzhu/contact.html | ERR: Cron:cron_1 Runat 2018-12-18 08:55:02 Use 0.001031 s

[ 2018-12-18T08:55:25+08:00 ] /bangzhu/contact.html | ERR: Cron:cron_1 Runat 2018-12-18 08:55:25 Use 0.001239 s

[ 2018-12-18T08:55:57+08:00 ] /bangzhu/contact.html | ERR: Cron:cron_1 Runat 2018-12-18 08:55:57 Use 0.000630 s

[ 2018-12-18T08:57:07+08:00 ] /bangzhu/contact.html | ERR: Cron:cron_1 Runat 2018-12-18 08:57:07 Use 0.000572 s

[ 2018-12-18T08:57:24+08:00 ] /bangzhu/contact.html | ERR: Cron:cron_1 Runat 2018-12-18 08:57:24 Use 0.001163 s

[ 2018-12-18T08:58:08+08:00 ] /bangzhu/contact.html | ERR: Cron:cron_1 Runat 2018-12-18 08:58:08 Use 0.000543 s

[ 2018-12-18T08:58:54+08:00 ] /bangzhu/contact.html | ERR: Cron:cron_1 Runat 2018-12-18 08:58:54 Use 0.000628 s

[ 2018-12-18T08:59:34+08:00 ] /bangzhu/contact.html | ERR: Cron:cron_1 Runat 2018-12-18 08:59:34 Use 0.000582 s

[ 2018-12-18T08:59:52+08:00 ] /bangzhu/contact.html | ERR: Cron:cron_1 Runat 2018-12-18 08:59:52 Use 0.000505 s

[ 2018-12-18T09:00:55+08:00 ] /bangzhu/contact.html | ERR: Cron:cron_1 Runat 2018-12-18 09:00:55 Use 0.000466 s

[ 2018-12-18T09:01:18+08:00 ] /bangzhu/contact.html | ERR: Cron:cron_1 Runat 2018-12-18 09:01:18 Use 0.001028 s

[ 2018-12-18T09:03:27+08:00 ] /bangzhu/contact.html | ERR: Cron:cron_1 Runat 2018-12-18 09:03:27 Use 0.000469 s

[ 2018-12-18T09:05:35+08:00 ] /bangzhu/contact.html | ERR: Cron:cron_1 Runat 2018-12-18 09:05:35 Use 0.000775 s

[ 2018-12-18T09:06:02+08:00 ] /bangzhu/contact.html | ERR: Cron:cron_1 Runat 2018-12-18 09:06:02 Use 0.001028 s

[ 2018-12-18T09:06:16+08:00 ] /bangzhu/contact.html | ERR: Cron:cron_1 Runat 2018-12-18 09:06:16 Use 0.000568 s

[ 2018-12-18T09:06:32+08:00 ] /bangzhu/contact.html | ERR: Cron:cron_1 Runat 2018-12-18 09:06:32 Use 0.000550 s

[ 2018-12-18T09:06:44+08:00 ] /bangzhu/contact.html | ERR: Cron:cron_1 Runat 2018-12-18 09:06:44 Use 0.000443 s

[ 2018-12-18T09:06:55+08:00 ] /bangzhu/contact.html | ERR: Cron:cron_1 Runat 2018-12-18 09:06:55 Use 0.001116 s

[ 2018-12-18T09:07:21+08:00 ] /bangzhu/contact.html | ERR: Cron:cron_1 Runat 2018-12-18 09:07:21 Use 0.000497 s

[ 2018-12-18T09:09:34+08:00 ] /bangzhu/contact.html | ERR: Cron:cron_1 Runat 2018-12-18 09:09:34 Use 0.000472 s

[ 2018-12-18T09:10:06+08:00 ] /bangzhu/contact.html | ERR: Cron:cron_1 Runat 2018-12-18 09:10:06 Use 0.000546 s

[ 2018-12-18T09:11:23+08:00 ] /bangzhu/contact.html | ERR: Cron:cron_1 Runat 2018-12-18 09:11:23 Use 0.000466 s

[ 2018-12-18T09:11:46+08:00 ] /bangzhu/contact.html | ERR: Cron:cron_1 Runat 2018-12-18 09:11:46 Use 0.000470 s

[ 2018-12-18T09:12:14+08:00 ] /bangzhu/contact.html | ERR: Cron:cron_1 Runat 2018-12-18 09:12:14 Use 0.000522 s

[ 2018-12-18T09:12:36+08:00 ] /bangzhu/contact.html | ERR: Cron:cron_1 Runat 2018-12-18 09:12:36 Use 0.000690 s

[ 2018-12-18T09:12:55+08:00 ] /bangzhu/contact.html | ERR: Cron:cron_1 Runat 2018-12-18 09:12:55 Use 0.001056 s

[ 2018-12-18T09:13:25+08:00 ] /bangzhu/contact.html | ERR: Cron:cron_1 Runat 2018-12-18 09:13:25 Use 0.000581 s

[ 2018-12-18T09:13:50+08:00 ] /invest/index.html | ERR: Cron:cron_1 Runat 2018-12-18 09:13:50 Use 0.000872 s

[ 2018-12-18T09:13:53+08:00 ] /bangzhu/contact.html | ERR: Cron:cron_1 Runat 2018-12-18 09:13:53 Use 0.000467 s

[ 2018-12-18T09:15:55+08:00 ] /bangzhu/contact.html | ERR: Cron:cron_1 Runat 2018-12-18 09:15:55 Use 0.000453 s

[ 2018-12-18T09:17:05+08:00 ] /borrow/index.html | ERR: Cron:cron_1 Runat 2018-12-18 09:17:05 Use 0.000992 s

[ 2018-12-18T09:17:42+08:00 ] /member/common/login/ | ERR: Cron:cron_1 Runat 2018-12-18 09:17:42 Use 0.000624 s

[ 2018-12-18T09:18:00+08:00 ] /Member/common/verify?t=0.84760952244366 | ERR: Cron:cron_1 Runat 2018-12-18 09:18:00 Use 0.000881 s

[ 2018-12-18T09:18:05+08:00 ] /member/ | ERR: Cron:cron_1 Runat 2018-12-18 09:18:05 Use 0.000668 s

[ 2018-12-18T09:21:16+08:00 ] /member/user | ERR: Cron:cron_1 Runat 2018-12-18 09:21:16 Use 0.000460 s

[ 2018-12-18T09:24:26+08:00 ] /member/ | ERR: Cron:cron_1 Runat 2018-12-18 09:24:26 Use 0.001152 s

[ 2018-12-18T09:24:31+08:00 ] /member/ | ERR: Cron:cron_1 Runat 2018-12-18 09:24:31 Use 0.000482 s

[ 2018-12-18T09:24:50+08:00 ] /member/ | ERR: Cron:cron_1 Runat 2018-12-18 09:24:50 Use 0.000530 s

[ 2018-12-18T09:27:54+08:00 ] /bangzhu/contact.html | ERR: Cron:cron_1 Runat 2018-12-18 09:27:54 Use 0.001163 s

[ 2018-12-18T11:24:57+08:00 ] /bangzhu/contact.html | ERR: Cron:cron_1 Runat 2018-12-18 11:24:57 Use 0.000936 s

[ 2018-12-18T11:25:06+08:00 ] /member/ | ERR: Cron:cron_1 Runat 2018-12-18 11:25:06 Use 0.001016 s

[ 2018-12-18T14:21:51+08:00 ] /invest/index.html | ERR: Cron:cron_1 Runat 2018-12-18 14:21:51 Use 0.000840 s

[ 2018-12-18T14:21:57+08:00 ] /borrow/index.html | ERR: Cron:cron_1 Runat 2018-12-18 14:21:57 Use 0.000605 s

[ 2018-12-18T14:22:00+08:00 ] /aboutus/jianjie.html | ERR: Cron:cron_1 Runat 2018-12-18 14:22:00 Use 0.000506 s

[ 2018-12-18T14:22:07+08:00 ] /bangzhu/contact.html | ERR: Cron:cron_1 Runat 2018-12-18 14:22:07 Use 0.001191 s

[ 2018-12-18T14:22:14+08:00 ] /aboutus/jianjie.html | ERR: Cron:cron_1 Runat 2018-12-18 14:22:14 Use 0.000498 s

[ 2018-12-18T14:22:20+08:00 ] /invest/index.html | ERR: Cron:cron_1 Runat 2018-12-18 14:22:20 Use 0.000610 s

[ 2018-12-18T14:22:24+08:00 ] /member/ | ERR: Cron:cron_1 Runat 2018-12-18 14:22:24 Use 0.001004 s

[ 2018-12-18T14:22:50+08:00 ] /member/promotion | ERR: Cron:cron_1 Runat 2018-12-18 14:22:50 Use 0.000568 s

[ 2018-12-18T14:23:07+08:00 ] /member | ERR: Cron:cron_1 Runat 2018-12-18 14:23:07 Use 0.000511 s

[ 2018-12-18T14:49:59+08:00 ] /member/common/actlogout | ERR: Cron:cron_1 Runat 2018-12-18 14:49:59 Use 0.000872 s

[ 2018-12-18T14:50:20+08:00 ] /member/common/login/ | ERR: Cron:cron_1 Runat 2018-12-18 14:50:20 Use 0.000477 s

[ 2018-12-18T14:50:31+08:00 ] /member/common/register/ | ERR: Cron:cron_1 Runat 2018-12-18 14:50:31 Use 0.000459 s

[ 2018-12-18T14:51:09+08:00 ] /member/common/register/ | ERR: Cron:cron_1 Runat 2018-12-18 14:51:09 Use 0.000708 s

