[ 2018-12-19T09:19:09+08:00 ] /invest/index.html | ERR: Cron:cron_1 Runat 2018-12-19 09:19:09 Use 0.064529 s
Cron:cron_2 Runat 2018-12-19 09:19:09 Use -0.000023 s

[ 2018-12-19T09:19:12+08:00 ] /borrow/index.html | ERR: Cron:cron_1 Runat 2018-12-19 09:19:12 Use 0.000456 s

[ 2018-12-19T09:19:15+08:00 ] /aboutus/jianjie.html | ERR: Cron:cron_1 Runat 2018-12-19 09:19:15 Use 0.000547 s

[ 2018-12-19T09:19:20+08:00 ] /member/common/login/ | ERR: Cron:cron_1 Runat 2018-12-19 09:19:20 Use 0.000439 s

[ 2018-12-19T09:19:42+08:00 ] /member/ | ERR: Cron:cron_1 Runat 2018-12-19 09:19:42 Use 0.000501 s

[ 2018-12-19T09:19:48+08:00 ] /member | ERR: Cron:cron_1 Runat 2018-12-19 09:19:48 Use 0.000449 s

[ 2018-12-19T09:19:51+08:00 ] /member/memberinfo | ERR: Cron:cron_1 Runat 2018-12-19 09:19:51 Use 0.000471 s

[ 2018-12-19T09:20:01+08:00 ] /member/user | ERR: Cron:cron_1 Runat 2018-12-19 09:20:01 Use 0.000480 s

[ 2018-12-19T09:20:06+08:00 ] /member/user | ERR: Cron:cron_1 Runat 2018-12-19 09:20:06 Use 0.000432 s

[ 2018-12-19T09:20:25+08:00 ] /borrow/index.html | ERR: Cron:cron_1 Runat 2018-12-19 09:20:25 Use 0.000467 s

[ 2018-12-19T09:20:32+08:00 ] /invest/index.html | ERR: Cron:cron_1 Runat 2018-12-19 09:20:32 Use 0.000434 s

[ 2018-12-19T09:20:35+08:00 ] /borrow/index.html | ERR: Cron:cron_1 Runat 2018-12-19 09:20:35 Use 0.000435 s

[ 2018-12-19T09:21:04+08:00 ] /borrow/index.html | ERR: Cron:cron_1 Runat 2018-12-19 09:21:04 Use 0.000485 s

[ 2018-12-19T09:21:14+08:00 ] /aboutus/jianjie.html | ERR: Cron:cron_1 Runat 2018-12-19 09:21:14 Use 0.000738 s

[ 2018-12-19T09:21:23+08:00 ] /aboutus/jianjie.html | ERR: Cron:cron_1 Runat 2018-12-19 09:21:23 Use 0.000426 s

[ 2018-12-19T09:21:26+08:00 ] /borrow/index.html | ERR: Cron:cron_1 Runat 2018-12-19 09:21:26 Use 0.000524 s

[ 2018-12-19T11:15:34+08:00 ] /invest/index.html | ERR: Cron:cron_1 Runat 2018-12-19 11:15:34 Use 0.001241 s

[ 2018-12-19T11:15:38+08:00 ] /member/ | ERR: Cron:cron_1 Runat 2018-12-19 11:15:38 Use 0.000794 s

[ 2018-12-19T11:15:50+08:00 ] /member/common/actlogout | ERR: Cron:cron_1 Runat 2018-12-19 11:15:50 Use 0.000431 s

[ 2018-12-19T11:15:55+08:00 ] /member/common/register/ | ERR: Cron:cron_1 Runat 2018-12-19 11:15:55 Use 0.000492 s

[ 2018-12-19T11:16:34+08:00 ] /member/common/login/ | ERR: Cron:cron_1 Runat 2018-12-19 11:16:34 Use 0.000646 s

[ 2018-12-19T15:12:16+08:00 ] /member/common/login/ | ERR: Cron:cron_1 Runat 2018-12-19 15:12:16 Use 0.000600 s

[ 2018-12-19T15:12:32+08:00 ] /member/ | ERR: Cron:cron_1 Runat 2018-12-19 15:12:32 Use 0.000616 s

[ 2018-12-19T15:12:37+08:00 ] /member | ERR: Cron:cron_1 Runat 2018-12-19 15:12:37 Use 0.000603 s

[ 2018-12-19T15:13:05+08:00 ] /member/capital | ERR: Cron:cron_1 Runat 2018-12-19 15:13:05 Use 0.000574 s

[ 2018-12-19T15:13:20+08:00 ] /member/user | ERR: Cron:cron_1 Runat 2018-12-19 15:13:20 Use 0.001213 s

[ 2018-12-19T15:13:26+08:00 ] /member/verify?id=1 | ERR: Cron:cron_1 Runat 2018-12-19 15:13:26 Use 0.001460 s

[ 2018-12-19T15:19:31+08:00 ] /member/verify?id=1 | ERR: Cron:cron_1 Runat 2018-12-19 15:19:31 Use 0.000821 s

[ 2018-12-19T15:21:26+08:00 ] /member/memberinfo | ERR: Cron:cron_1 Runat 2018-12-19 15:21:26 Use 0.000513 s

[ 2018-12-19T15:21:28+08:00 ] /Member/memberinfo/getarea/?rid=292 | ERR: Cron:cron_1 Runat 2018-12-19 15:21:28 Use 0.001172 s

[ 2018-12-19T15:21:37+08:00 ] /member/verify?id=1 | ERR: Cron:cron_1 Runat 2018-12-19 15:21:37 Use 0.000550 s

[ 2018-12-19T15:22:32+08:00 ] /member/capital | ERR: Cron:cron_1 Runat 2018-12-19 15:22:32 Use 0.000847 s

[ 2018-12-19T15:23:39+08:00 ] /member/verify?id=1 | ERR: Cron:cron_1 Runat 2018-12-19 15:23:39 Use 0.001177 s

[ 2018-12-19T15:23:50+08:00 ] /member/common/actlogout | ERR: Cron:cron_1 Runat 2018-12-19 15:23:50 Use 0.000606 s

[ 2018-12-19T15:23:54+08:00 ] /member/common/login/ | ERR: Cron:cron_1 Runat 2018-12-19 15:23:54 Use 0.000731 s

[ 2018-12-19T15:24:03+08:00 ] /member/ | ERR: Cron:cron_1 Runat 2018-12-19 15:24:03 Use 0.000598 s

[ 2018-12-19T15:24:07+08:00 ] /member | ERR: Cron:cron_1 Runat 2018-12-19 15:24:07 Use 0.000517 s

[ 2018-12-19T15:24:10+08:00 ] /member/memberinfo | ERR: Cron:cron_1 Runat 2018-12-19 15:24:10 Use 0.001491 s

[ 2018-12-19T15:24:37+08:00 ] /member/user | ERR: Cron:cron_1 Runat 2018-12-19 15:24:37 Use 0.000848 s

[ 2018-12-19T15:24:40+08:00 ] /member/verify?id=1 | ERR: Cron:cron_1 Runat 2018-12-19 15:24:40 Use 0.000643 s

[ 2018-12-19T15:24:43+08:00 ] /member/user | ERR: Cron:cron_1 Runat 2018-12-19 15:24:43 Use 0.000548 s

[ 2018-12-19T15:24:46+08:00 ] /member/verify?id=1 | ERR: Cron:cron_1 Runat 2018-12-19 15:24:46 Use 0.000551 s

[ 2018-12-19T15:25:23+08:00 ] /member/common/actlogout | ERR: Cron:cron_1 Runat 2018-12-19 15:25:23 Use 0.000434 s

[ 2018-12-19T15:25:28+08:00 ] /member/common/login/ | ERR: Cron:cron_1 Runat 2018-12-19 15:25:28 Use 0.000467 s

[ 2018-12-19T15:25:40+08:00 ] /member/ | ERR: Cron:cron_1 Runat 2018-12-19 15:25:40 Use 0.000922 s

[ 2018-12-19T15:25:44+08:00 ] /member/memberinfo | ERR: Cron:cron_1 Runat 2018-12-19 15:25:44 Use 0.001414 s

[ 2018-12-19T15:25:53+08:00 ] /member/user | ERR: Cron:cron_1 Runat 2018-12-19 15:25:53 Use 0.000488 s

[ 2018-12-19T15:25:57+08:00 ] /member/verify?id=1 | ERR: Cron:cron_1 Runat 2018-12-19 15:25:57 Use 0.001334 s

[ 2018-12-19T15:26:54+08:00 ] /member/verify?id=1 | ERR: Cron:cron_1 Runat 2018-12-19 15:26:54 Use 0.000540 s

[ 2018-12-19T15:27:38+08:00 ] /member/verify?id=1 | ERR: Cron:cron_1 Runat 2018-12-19 15:27:38 Use 0.001002 s

[ 2018-12-19T15:34:44+08:00 ] /member/verify?id=1 | ERR: Cron:cron_1 Runat 2018-12-19 15:34:44 Use 0.000525 s

[ 2018-12-19T15:35:23+08:00 ] /member/verify?id=1 | ERR: Cron:cron_1 Runat 2018-12-19 15:35:23 Use 0.000502 s

[ 2018-12-19T15:37:09+08:00 ] /member/verify?id=1 | ERR: Cron:cron_1 Runat 2018-12-19 15:37:09 Use 0.000629 s

[ 2018-12-19T15:37:25+08:00 ] /member/verify?id=1 | ERR: Cron:cron_1 Runat 2018-12-19 15:37:25 Use 0.000566 s

[ 2018-12-19T15:37:48+08:00 ] /member/verify?id=1 | ERR: Cron:cron_1 Runat 2018-12-19 15:37:48 Use 0.000880 s

[ 2018-12-19T15:38:51+08:00 ] /member/verify?id=1 | ERR: Cron:cron_1 Runat 2018-12-19 15:38:51 Use 0.000515 s

[ 2018-12-19T15:39:39+08:00 ] /member/verify?id=1 | ERR: Cron:cron_1 Runat 2018-12-19 15:39:39 Use 0.000962 s

[ 2018-12-19T15:40:15+08:00 ] /member/verify?id=1 | ERR: Cron:cron_1 Runat 2018-12-19 15:40:15 Use 0.000464 s

[ 2018-12-19T15:40:25+08:00 ] /member/memberinfo | ERR: Cron:cron_1 Runat 2018-12-19 15:40:25 Use 0.000774 s

[ 2018-12-19T15:41:08+08:00 ] /member/memberinfo | ERR: Cron:cron_1 Runat 2018-12-19 15:41:08 Use 0.000608 s

[ 2018-12-19T15:41:25+08:00 ] /member/user | ERR: Cron:cron_1 Runat 2018-12-19 15:41:25 Use 0.000624 s

[ 2018-12-19T15:41:53+08:00 ] /member/user | ERR: Cron:cron_1 Runat 2018-12-19 15:41:53 Use 0.001172 s

[ 2018-12-19T15:42:00+08:00 ] /member/memberinfo | ERR: Cron:cron_1 Runat 2018-12-19 15:42:00 Use 0.000523 s

[ 2018-12-19T15:42:05+08:00 ] /member/verify?id=1 | ERR: Cron:cron_1 Runat 2018-12-19 15:42:05 Use 0.000442 s

[ 2018-12-19T15:42:07+08:00 ] /member/msg | ERR: Cron:cron_1 Runat 2018-12-19 15:42:07 Use 0.000479 s

[ 2018-12-19T15:42:35+08:00 ] /member/capital | ERR: Cron:cron_1 Runat 2018-12-19 15:42:35 Use 0.000482 s

[ 2018-12-19T15:42:56+08:00 ] /member/capital | ERR: Cron:cron_1 Runat 2018-12-19 15:42:56 Use 0.002030 s

[ 2018-12-19T15:43:21+08:00 ] /member/withdraw | ERR: Cron:cron_1 Runat 2018-12-19 15:43:21 Use 0.000740 s

[ 2018-12-19T15:43:25+08:00 ] /member/bank | ERR: Cron:cron_1 Runat 2018-12-19 15:43:25 Use 0.000548 s

[ 2018-12-19T15:43:44+08:00 ] /member/verify?id=1 | ERR: Cron:cron_1 Runat 2018-12-19 15:43:44 Use 0.000472 s

[ 2018-12-19T15:43:48+08:00 ] /member/withdraw | ERR: Cron:cron_1 Runat 2018-12-19 15:43:48 Use 0.000483 s

[ 2018-12-19T15:43:52+08:00 ] /member/bank | ERR: Cron:cron_1 Runat 2018-12-19 15:43:52 Use 0.000944 s

[ 2018-12-19T15:43:58+08:00 ] /member/verify?id=1 | ERR: Cron:cron_1 Runat 2018-12-19 15:43:58 Use 0.001153 s

[ 2018-12-19T15:44:41+08:00 ] /member/credit | ERR: Cron:cron_1 Runat 2018-12-19 15:44:41 Use 0.000607 s

[ 2018-12-19T15:45:48+08:00 ] /member/debt | ERR: Cron:cron_1 Runat 2018-12-19 15:45:48 Use 0.000447 s

[ 2018-12-19T15:45:52+08:00 ] /member/auto/index.html | ERR: Cron:cron_1 Runat 2018-12-19 15:45:52 Use 0.000587 s

[ 2018-12-19T15:46:36+08:00 ] /member/debt | ERR: Cron:cron_1 Runat 2018-12-19 15:46:36 Use 0.000426 s

[ 2018-12-19T15:46:54+08:00 ] /member/borrowin | ERR: Cron:cron_1 Runat 2018-12-19 15:46:54 Use 0.000449 s

[ 2018-12-19T15:47:02+08:00 ] /member | ERR: Cron:cron_1 Runat 2018-12-19 15:47:02 Use 0.000419 s

[ 2018-12-19T15:47:03+08:00 ] /member/verify?id=1 | ERR: Cron:cron_1 Runat 2018-12-19 15:47:03 Use 0.001173 s

[ 2018-12-19T15:47:11+08:00 ] /member/auto/index.html | ERR: Cron:cron_1 Runat 2018-12-19 15:47:11 Use 0.000517 s

[ 2018-12-19T15:47:53+08:00 ] /member/verify | ERR: Cron:cron_1 Runat 2018-12-19 15:47:53 Use 0.000546 s

[ 2018-12-19T15:48:19+08:00 ] /member/verify | ERR: Cron:cron_1 Runat 2018-12-19 15:48:19 Use 0.000540 s

[ 2018-12-19T15:50:11+08:00 ] /member | ERR: Cron:cron_1 Runat 2018-12-19 15:50:11 Use 0.000717 s

[ 2018-12-19T15:50:47+08:00 ] /member/tendout | ERR: Cron:cron_1 Runat 2018-12-19 15:50:47 Use 0.001163 s

[ 2018-12-19T15:50:52+08:00 ] /member/borrowin | ERR: Cron:cron_1 Runat 2018-12-19 15:50:52 Use 0.000516 s

[ 2018-12-19T15:50:55+08:00 ] /member/common/actlogout | ERR: Cron:cron_1 Runat 2018-12-19 15:50:55 Use 0.000429 s

[ 2018-12-19T15:51:00+08:00 ] /member/common/login/ | ERR: Cron:cron_1 Runat 2018-12-19 15:51:00 Use 0.000450 s

[ 2018-12-19T15:51:09+08:00 ] /member/ | ERR: Cron:cron_1 Runat 2018-12-19 15:51:09 Use 0.000592 s

[ 2018-12-19T15:51:13+08:00 ] /member/borrowin | ERR: Cron:cron_1 Runat 2018-12-19 15:51:13 Use 0.000458 s

[ 2018-12-19T15:51:18+08:00 ] /member/moneylimit | ERR: Cron:cron_1 Runat 2018-12-19 15:51:18 Use 0.000474 s

[ 2018-12-19T15:51:21+08:00 ] /member/verify | ERR: Cron:cron_1 Runat 2018-12-19 15:51:21 Use 0.001156 s

[ 2018-12-19T15:51:25+08:00 ] /member/borrowin | ERR: Cron:cron_1 Runat 2018-12-19 15:51:25 Use 0.000580 s

[ 2018-12-19T15:52:02+08:00 ] /member/borrowin | ERR: Cron:cron_1 Runat 2018-12-19 15:52:02 Use 0.000501 s

[ 2018-12-19T15:52:05+08:00 ] /member/moneylimit | ERR: Cron:cron_1 Runat 2018-12-19 15:52:05 Use 0.000450 s

[ 2018-12-19T15:53:15+08:00 ] /member/verify | ERR: Cron:cron_1 Runat 2018-12-19 15:53:15 Use 0.000512 s

[ 2018-12-19T15:54:18+08:00 ] /member | ERR: Cron:cron_1 Runat 2018-12-19 15:54:18 Use 0.000550 s

[ 2018-12-19T15:55:17+08:00 ] /member | ERR: Cron:cron_1 Runat 2018-12-19 15:55:17 Use 0.000688 s

[ 2018-12-19T15:55:30+08:00 ] /member | ERR: Cron:cron_1 Runat 2018-12-19 15:55:30 Use 0.000517 s

[ 2018-12-19T15:56:01+08:00 ] /member/memberinfo | ERR: Cron:cron_1 Runat 2018-12-19 15:56:01 Use 0.000526 s

[ 2018-12-19T15:56:31+08:00 ] /member/memberinfo | ERR: Cron:cron_1 Runat 2018-12-19 15:56:31 Use 0.001294 s

[ 2018-12-19T15:57:01+08:00 ] /member | ERR: Cron:cron_1 Runat 2018-12-19 15:57:01 Use 0.000510 s

[ 2018-12-19T15:57:15+08:00 ] /member/common/actlogout | ERR: Cron:cron_1 Runat 2018-12-19 15:57:15 Use 0.000735 s

[ 2018-12-19T15:57:19+08:00 ] /member/common/register/ | ERR: Cron:cron_1 Runat 2018-12-19 15:57:19 Use 0.000445 s

[ 2018-12-19T15:57:35+08:00 ] /member/common/login/ | ERR: Cron:cron_1 Runat 2018-12-19 15:57:35 Use 0.000536 s

